{"C:\\Users\\USER\\OneDrive\\Desktop\\My-portifolio\\Backend\\controllers\\blog.controllers.js": {"path":"C:\\Users\\USER\\OneDrive\\Desktop\\My-portifolio\\Backend\\controllers\\blog.controllers.js","statementMap":{"0":{"start":{"line":1,"column":15},"end":{"line":1,"column":42}},"1":{"start":{"line":2,"column":13},"end":{"line":2,"column":44}},"2":{"start":{"line":3,"column":19},"end":{"line":3,"column":49}},"3":{"start":{"line":6,"column":17},"end":{"line":13,"column":1}},"4":{"start":{"line":7,"column":2},"end":{"line":12,"column":3}},"5":{"start":{"line":8,"column":17},"end":{"line":8,"column":36}},"6":{"start":{"line":9,"column":4},"end":{"line":9,"column":31}},"7":{"start":{"line":11,"column":4},"end":{"line":11,"column":51}},"8":{"start":{"line":17,"column":17},"end":{"line":37,"column":1}},"9":{"start":{"line":18,"column":2},"end":{"line":36,"column":3}},"10":{"start":{"line":19,"column":35},"end":{"line":19,"column":43}},"11":{"start":{"line":20,"column":18},"end":{"line":20,"column":65}},"12":{"start":{"line":21,"column":4},"end":{"line":21,"column":27}},"13":{"start":{"line":22,"column":21},"end":{"line":22,"column":30}},"14":{"start":{"line":24,"column":26},"end":{"line":24,"column":41}},"15":{"start":{"line":25,"column":17},"end":{"line":30,"column":6}},"16":{"start":{"line":32,"column":4},"end":{"line":32,"column":22}},"17":{"start":{"line":33,"column":4},"end":{"line":33,"column":31}},"18":{"start":{"line":35,"column":4},"end":{"line":35,"column":51}},"19":{"start":{"line":39,"column":19},"end":{"line":48,"column":1}},"20":{"start":{"line":40,"column":2},"end":{"line":47,"column":3}},"21":{"start":{"line":41,"column":19},"end":{"line":41,"column":29}},"22":{"start":{"line":42,"column":17},"end":{"line":42,"column":49}},"23":{"start":{"line":43,"column":4},"end":{"line":43,"column":79}},"24":{"start":{"line":43,"column":15},"end":{"line":43,"column":79}},"25":{"start":{"line":44,"column":4},"end":{"line":44,"column":67}},"26":{"start":{"line":46,"column":4},"end":{"line":46,"column":51}},"27":{"start":{"line":51,"column":19},"end":{"line":74,"column":1}},"28":{"start":{"line":52,"column":2},"end":{"line":73,"column":3}},"29":{"start":{"line":53,"column":19},"end":{"line":53,"column":29}},"30":{"start":{"line":54,"column":35},"end":{"line":54,"column":43}},"31":{"start":{"line":55,"column":21},"end":{"line":55,"column":43}},"32":{"start":{"line":57,"column":17},"end":{"line":57,"column":40}},"33":{"start":{"line":58,"column":4},"end":{"line":58,"column":79}},"34":{"start":{"line":58,"column":15},"end":{"line":58,"column":79}},"35":{"start":{"line":59,"column":4},"end":{"line":64,"column":5}},"36":{"start":{"line":60,"column":6},"end":{"line":60,"column":60}},"37":{"start":{"line":61,"column":20},"end":{"line":61,"column":67}},"38":{"start":{"line":62,"column":6},"end":{"line":62,"column":38}},"39":{"start":{"line":63,"column":6},"end":{"line":63,"column":49}},"40":{"start":{"line":66,"column":24},"end":{"line":68,"column":6}},"41":{"start":{"line":70,"column":4},"end":{"line":70,"column":26}},"42":{"start":{"line":72,"column":4},"end":{"line":72,"column":51}},"43":{"start":{"line":76,"column":0},"end":{"line":81,"column":2}}},"fnMap":{"0":{"name":"(anonymous_0)","decl":{"start":{"line":6,"column":17},"end":{"line":6,"column":18}},"loc":{"start":{"line":6,"column":37},"end":{"line":13,"column":1}},"line":6},"1":{"name":"(anonymous_1)","decl":{"start":{"line":17,"column":17},"end":{"line":17,"column":18}},"loc":{"start":{"line":17,"column":37},"end":{"line":37,"column":1}},"line":17},"2":{"name":"(anonymous_2)","decl":{"start":{"line":39,"column":19},"end":{"line":39,"column":20}},"loc":{"start":{"line":39,"column":39},"end":{"line":48,"column":1}},"line":39},"3":{"name":"(anonymous_3)","decl":{"start":{"line":51,"column":19},"end":{"line":51,"column":20}},"loc":{"start":{"line":51,"column":39},"end":{"line":74,"column":1}},"line":51}},"branchMap":{"0":{"loc":{"start":{"line":43,"column":4},"end":{"line":43,"column":79}},"type":"if","locations":[{"start":{"line":43,"column":4},"end":{"line":43,"column":79}},{"start":{},"end":{}}],"line":43},"1":{"loc":{"start":{"line":58,"column":4},"end":{"line":58,"column":79}},"type":"if","locations":[{"start":{"line":58,"column":4},"end":{"line":58,"column":79}},{"start":{},"end":{}}],"line":58},"2":{"loc":{"start":{"line":59,"column":4},"end":{"line":64,"column":5}},"type":"if","locations":[{"start":{"line":59,"column":4},"end":{"line":64,"column":5}},{"start":{},"end":{}}],"line":59}},"s":{"0":1,"1":1,"2":1,"3":1,"4":1,"5":1,"6":1,"7":0,"8":1,"9":1,"10":1,"11":1,"12":1,"13":1,"14":1,"15":1,"16":1,"17":1,"18":0,"19":1,"20":2,"21":2,"22":2,"23":2,"24":1,"25":1,"26":0,"27":1,"28":2,"29":2,"30":2,"31":2,"32":2,"33":2,"34":1,"35":1,"36":1,"37":1,"38":1,"39":1,"40":1,"41":1,"42":0,"43":1},"f":{"0":1,"1":1,"2":2,"3":2},"b":{"0":[1,1],"1":[1,1],"2":[1,0]},"_coverageSchema":"1a1c01bbd47fc00a2c39e90264f33305004495a9","hash":"291ebb75a91dfcd63da5aeada7f5d47d5c5fd7d3"}
,"C:\\Users\\USER\\OneDrive\\Desktop\\My-portifolio\\Backend\\models\\blog.model.js": {"path":"C:\\Users\\USER\\OneDrive\\Desktop\\My-portifolio\\Backend\\models\\blog.model.js","statementMap":{"0":{"start":{"line":1,"column":17},"end":{"line":1,"column":36}},"1":{"start":{"line":2,"column":19},"end":{"line":19,"column":2}},"2":{"start":{"line":21,"column":13},"end":{"line":21,"column":47}},"3":{"start":{"line":22,"column":0},"end":{"line":22,"column":22}}},"fnMap":{},"branchMap":{},"s":{"0":1,"1":1,"2":1,"3":1},"f":{},"b":{},"_coverageSchema":"1a1c01bbd47fc00a2c39e90264f33305004495a9","hash":"6266adcfe097e6b3451983f0ead8d53eadfe3031"}
,"C:\\Users\\USER\\OneDrive\\Desktop\\My-portifolio\\Backend\\models\\user.model.js": {"path":"C:\\Users\\USER\\OneDrive\\Desktop\\My-portifolio\\Backend\\models\\user.model.js","statementMap":{"0":{"start":{"line":1,"column":17},"end":{"line":1,"column":36}},"1":{"start":{"line":2,"column":19},"end":{"line":19,"column":2}},"2":{"start":{"line":21,"column":13},"end":{"line":21,"column":47}},"3":{"start":{"line":22,"column":0},"end":{"line":22,"column":22}}},"fnMap":{},"branchMap":{},"s":{"0":1,"1":1,"2":1,"3":1},"f":{},"b":{},"_coverageSchema":"1a1c01bbd47fc00a2c39e90264f33305004495a9","hash":"e4a142b03ce31b6ea35f883e7ccf209434ee34d9"}
,"C:\\Users\\USER\\OneDrive\\Desktop\\My-portifolio\\Backend\\routes\\blogs.routes.js": {"path":"C:\\Users\\USER\\OneDrive\\Desktop\\My-portifolio\\Backend\\routes\\blogs.routes.js","statementMap":{"0":{"start":{"line":1,"column":15},"end":{"line":1,"column":42}},"1":{"start":{"line":2,"column":19},"end":{"line":2,"column":49}},"2":{"start":{"line":3,"column":15},"end":{"line":3,"column":41}},"3":{"start":{"line":10,"column":4},"end":{"line":10,"column":46}},"4":{"start":{"line":12,"column":0},"end":{"line":12,"column":26}},"5":{"start":{"line":13,"column":0},"end":{"line":13,"column":51}},"6":{"start":{"line":14,"column":0},"end":{"line":14,"column":34}},"7":{"start":{"line":15,"column":0},"end":{"line":15,"column":55}},"8":{"start":{"line":17,"column":0},"end":{"line":17,"column":24}}},"fnMap":{},"branchMap":{},"s":{"0":1,"1":1,"2":1,"3":1,"4":1,"5":1,"6":1,"7":1,"8":1},"f":{},"b":{},"_coverageSchema":"1a1c01bbd47fc00a2c39e90264f33305004495a9","hash":"b9695229ff00dce059e75a51af68b004d811a465"}
,"C:\\Users\\USER\\OneDrive\\Desktop\\My-portifolio\\Backend\\utils\\cloudinary.js": {"path":"C:\\Users\\USER\\OneDrive\\Desktop\\My-portifolio\\Backend\\utils\\cloudinary.js","statementMap":{"0":{"start":{"line":1,"column":19},"end":{"line":1,"column":43}},"1":{"start":{"line":2,"column":0},"end":{"line":2,"column":53}},"2":{"start":{"line":3,"column":0},"end":{"line":7,"column":3}},"3":{"start":{"line":9,"column":0},"end":{"line":9,"column":28}}},"fnMap":{},"branchMap":{},"s":{"0":1,"1":1,"2":1,"3":1},"f":{},"b":{},"_coverageSchema":"1a1c01bbd47fc00a2c39e90264f33305004495a9","hash":"f977b65467b860cd9782e972976bab528aa11435"}
,"C:\\Users\\USER\\OneDrive\\Desktop\\My-portifolio\\Backend\\utils\\multer.js": {"path":"C:\\Users\\USER\\OneDrive\\Desktop\\My-portifolio\\Backend\\utils\\multer.js","statementMap":{"0":{"start":{"line":1,"column":15},"end":{"line":1,"column":32}},"1":{"start":{"line":2,"column":13},"end":{"line":2,"column":28}},"2":{"start":{"line":3,"column":0},"end":{"line":20,"column":3}},"3":{"start":{"line":6,"column":14},"end":{"line":6,"column":45}},"4":{"start":{"line":7,"column":4},"end":{"line":17,"column":5}},"5":{"start":{"line":15,"column":6},"end":{"line":15,"column":52}},"6":{"start":{"line":16,"column":6},"end":{"line":16,"column":13}},"7":{"start":{"line":18,"column":4},"end":{"line":18,"column":19}}},"fnMap":{"0":{"name":"(anonymous_0)","decl":{"start":{"line":5,"column":14},"end":{"line":5,"column":15}},"loc":{"start":{"line":5,"column":33},"end":{"line":19,"column":3}},"line":5}},"branchMap":{"0":{"loc":{"start":{"line":7,"column":4},"end":{"line":17,"column":5}},"type":"if","locations":[{"start":{"line":7,"column":4},"end":{"line":17,"column":5}},{"start":{},"end":{}}],"line":7},"1":{"loc":{"start":{"line":8,"column":6},"end":{"line":13,"column":20}},"type":"binary-expr","locations":[{"start":{"line":8,"column":6},"end":{"line":8,"column":20}},{"start":{"line":9,"column":6},"end":{"line":9,"column":20}},{"start":{"line":10,"column":6},"end":{"line":10,"column":21}},{"start":{"line":11,"column":6},"end":{"line":11,"column":21}},{"start":{"line":12,"column":6},"end":{"line":12,"column":20}},{"start":{"line":13,"column":6},"end":{"line":13,"column":20}}],"line":8}},"s":{"0":1,"1":1,"2":1,"3":2,"4":2,"5":0,"6":0,"7":2},"f":{"0":2},"b":{"0":[0,2],"1":[2,2,0,0,0,0]},"_coverageSchema":"1a1c01bbd47fc00a2c39e90264f33305004495a9","hash":"14a42ff6c6194406b0a5b6b75ee5c09d52726b36"}
}
